2026-03-12 18:48:33,026 - __main__ - INFO - Discovery manager started
2026-03-12 18:48:33,026 - __main__ - ERROR - Server discovery error: [WinError 10013] An attempt was made to access a socket in a way forbidden by its access permissions
2026-03-12 18:48:33,042 - __main__ - INFO - Input capture started
2026-03-12 18:48:35,198 - __main__ - INFO - Discovery manager started
2026-03-12 18:48:35,198 - __main__ - ERROR - Server discovery error: [WinError 10013] An attempt was made to access a socket in a way forbidden by its access permissions
2026-03-12 18:48:35,209 - __main__ - INFO - Input capture started
2026-03-12 18:48:35,714 - __main__ - INFO - Discovery manager started
2026-03-12 18:48:35,714 - __main__ - ERROR - Server discovery error: [WinError 10013] An attempt was made to access a socket in a way forbidden by its access permissions
2026-03-12 18:48:35,721 - __main__ - INFO - Input capture started
2026-03-12 18:49:38,571 - __main__ - INFO - Discovery manager started
2026-03-12 18:49:38,587 - __main__ - ERROR - Server discovery error: [WinError 10013] An attempt was made to access a socket in a way forbidden by its access permissions
2026-03-12 18:49:38,594 - __main__ - INFO - Input capture started
2026-03-12 18:53:15,689 - __main__ - INFO - Discovery manager started
2026-03-12 18:53:15,690 - __main__ - ERROR - Failed to bind to port 5050: [WinError 10013] An attempt was made to access a socket in a way forbidden by its access permissions
2026-03-12 18:53:15,691 - __main__ - INFO - NOTE: You may need to run the application as Administrator
2026-03-12 18:53:15,696 - __main__ - INFO - Input capture started
2026-03-12 18:53:15,696 - __main__ - INFO - Server started with screen size: 1536x864
2026-03-12 18:53:15,696 - __main__ - INFO - Server mode activated
2026-03-12 18:53:34,447 - __main__ - INFO - Server stopped
2026-03-12 18:53:34,447 - __main__ - INFO - Stopped
2026-03-12 19:21:58,758 - __main__ - INFO - Discovery manager started
2026-03-12 19:21:58,758 - __main__ - ERROR - Failed to bind to port 5050: [WinError 10013] An attempt was made to access a socket in a way forbidden by its access permissions
2026-03-12 19:21:58,774 - __main__ - INFO - NOTE: You may need to run the application as Administrator
2026-03-12 19:21:58,791 - __main__ - INFO - Input capture started
2026-03-12 19:21:58,791 - __main__ - INFO - Server started with screen size: 1536x864
2026-03-12 19:21:58,791 - __main__ - INFO - Server mode activated
2026-03-12 19:38:26,500 - __main__ - INFO - Discovery manager started
2026-03-12 19:38:26,510 - __main__ - INFO - Server discovery listening on port 15050
2026-03-12 19:38:26,522 - __main__ - INFO - Input capture started
2026-03-12 19:38:26,523 - __main__ - INFO - Server return control listener started on port 17060
2026-03-12 19:38:26,524 - __main__ - INFO - Server started with screen size: 1536x864
2026-03-12 19:38:26,524 - __main__ - INFO - Server mode activated
2026-03-12 19:43:58,343 - __main__ - INFO - Discovery manager started
2026-03-12 19:43:58,345 - __main__ - INFO - Server discovery listening on port 15050
2026-03-12 19:43:58,346 - __main__ - INFO - Server IP: 10.59.219.131
2026-03-12 19:43:58,351 - __main__ - INFO - Input capture started
2026-03-12 19:43:58,352 - __main__ - INFO - Server return control listener started on port 17060
2026-03-12 19:43:58,352 - __main__ - INFO - Server started with screen size: 1536x864
2026-03-12 19:43:58,352 - __main__ - INFO - Server mode activated
2026-03-12 19:51:57,728 - __main__ - INFO - Discovery manager started
2026-03-12 19:51:57,728 - __main__ - INFO - Server discovery listening on port 15050
2026-03-12 19:51:57,728 - __main__ - INFO - Server IP: 10.59.219.131
2026-03-12 19:51:57,746 - __main__ - INFO - Input capture started
2026-03-12 19:51:57,746 - __main__ - INFO - Server return control listener started on port 17060
2026-03-12 19:51:57,746 - __main__ - INFO - Server started with screen size: 1536x864
2026-03-12 19:51:57,746 - __main__ - INFO - Server mode activated
2026-03-12 20:46:29,828 - __main__ - INFO - Discovery manager started
2026-03-12 20:46:29,829 - __main__ - INFO - Server discovery listening on port 15050
2026-03-12 20:46:29,835 - __main__ - INFO - Server IP: 10.59.219.131
2026-03-12 20:46:29,837 - __main__ - INFO - Input capture started
2026-03-12 20:46:29,837 - __main__ - INFO - Server return control listener started on port 17060
2026-03-12 20:46:29,837 - __main__ - INFO - Server started with screen size: 1536x864
2026-03-12 20:47:01,624 - __main__ - INFO - Server control network ready to send packets to 10.59.219.76
2026-03-12 20:47:01,624 - __main__ - INFO - Connected to client by IP: 10.59.219.76
2026-03-12 20:47:41,827 - __main__ - INFO - Server control network ready to send packets to 10.59.219.76
2026-03-12 20:47:41,834 - __main__ - INFO - Connected to client by IP: 10.59.219.76
2026-03-12 20:47:48,723 - __main__ - WARNING - Error in discovery: [WinError 10038] An operation was attempted on something that is not a socket
2026-03-12 20:47:48,723 - __main__ - INFO - Server stopped
2026-03-12 20:47:48,726 - __main__ - INFO - Stopped
2026-03-12 20:48:13,462 - __main__ - INFO - Discovery manager started
2026-03-12 20:48:13,462 - __main__ - INFO - Client broadcasting presence: Arctic_Inspiron at 10.59.219.131
2026-03-12 20:48:13,462 - __main__ - INFO - Broadcasting to 255.255.255.255:15050 every 2.0s
2026-03-12 20:48:13,462 - __main__ - INFO - Client listening on port 16060 for incoming control packets
2026-03-12 20:48:13,478 - __main__ - INFO - Client started
2026-03-12 20:48:13,478 - __main__ - INFO - Client mode activated
2026-03-12 21:06:14,165 - __main__ - INFO - Screen resolution: 1536x864
2026-03-12 21:06:14,165 - __main__ - INFO - Server started, forwarding to 10.59.219.76
2026-03-12 21:06:14,181 - __main__ - INFO - Server started, controlling 10.59.219.76
2026-03-12 21:08:13,125 - __main__ - INFO - Stopped
2026-03-12 21:11:59,539 - __main__ - INFO - Client started, listening for control...
2026-03-12 21:11:59,539 - __main__ - INFO - Control listener on port 6060
2026-03-12 21:11:59,539 - __main__ - INFO - Client started, listening for control...
